Using pre-set license
Built from '2020.3/staging' branch; Version is '2020.3.19f1 (68f137dc9bbe) revision 6877495'; Using compiler version '192528614'; Build Type 'Release'
OS: 'Windows 10 Pro; OS build 19042.1348; Version 2009; 64bit' Language: 'en' Physical Memory: 106385 MB
BatchMode: 1, IsHumanControllingUs: 0, StartBugReporterOnCrash: 0, Is64bit: 1, IsPro: 0

COMMAND LINE ARGUMENTS:
C:\Users\Illia Bannitsyn\Desktop\I\programsData\Unity Installations\2020.3.19f1\Editor\Unity.exe
-adb2
-batchMode
-noUpm
-name
AssetImportWorker0
-projectPath
C:/Users/Illia Bannitsyn/Desktop/I/projects/Missile command
-logFile
Logs/AssetImportWorker0.log
-srvPort
64362
Successfully changed project path to: C:/Users/Illia Bannitsyn/Desktop/I/projects/Missile command
C:/Users/Illia Bannitsyn/Desktop/I/projects/Missile command
Using Asset Import Pipeline V2.
Refreshing native plugins compatible for Editor in 62.82 ms, found 3 plugins.
Preloading 0 native plugins for Editor in 0.00 ms.
Initialize engine version: 2020.3.19f1 (68f137dc9bbe)
[Subsystems] Discovering subsystems at path C:/Users/Illia Bannitsyn/Desktop/I/programsData/Unity Installations/2020.3.19f1/Editor/Data/Resources/UnitySubsystems
[Subsystems] Discovering subsystems at path C:/Users/Illia Bannitsyn/Desktop/I/projects/Missile command/Assets
GfxDevice: creating device client; threaded=0
Direct3D:
    Version:  Direct3D 11.0 [level 11.1]
    Renderer: NVIDIA GeForce GTX 1060 3GB (ID=0x1c02)
    Vendor:   
    VRAM:     2988 MB
    Driver:   30.0.14.9649
Initialize mono
Mono path[0] = 'C:/Users/Illia Bannitsyn/Desktop/I/programsData/Unity Installations/2020.3.19f1/Editor/Data/Managed'
Mono path[1] = 'C:/Users/Illia Bannitsyn/Desktop/I/programsData/Unity Installations/2020.3.19f1/Editor/Data/MonoBleedingEdge/lib/mono/unityjit'
Mono config path = 'C:/Users/Illia Bannitsyn/Desktop/I/programsData/Unity Installations/2020.3.19f1/Editor/Data/MonoBleedingEdge/etc'
Using monoOptions --debugger-agent=transport=dt_socket,embedding=1,server=y,suspend=n,address=127.0.0.1:56244
Begin MonoManager ReloadAssembly
Registering precompiled unity dll's ...
Register platform support module: C:/Users/Illia Bannitsyn/Desktop/I/programsData/Unity Installations/2020.3.19f1/Editor/Data/PlaybackEngines/WindowsStandaloneSupport/UnityEditor.WindowsStandalone.Extensions.dll
Registered in 0.004515 seconds.
Native extension for WindowsStandalone target not found
Refreshing native plugins compatible for Editor in 51.90 ms, found 3 plugins.
Preloading 0 native plugins for Editor in 0.00 ms.
Mono: successfully reloaded assembly
- Completed reload, in  1.788 seconds
Domain Reload Profiling:
	ReloadAssembly (1789ms)
		BeginReloadAssembly (101ms)
			ExecutionOrderSort (0ms)
			DisableScriptedObjects (0ms)
			BackupInstance (0ms)
			ReleaseScriptingObjects (0ms)
			CreateAndSetChildDomain (1ms)
		EndReloadAssembly (655ms)
			LoadAssemblies (97ms)
			RebuildTransferFunctionScriptingTraits (0ms)
			SetupTypeCache (236ms)
			ReleaseScriptCaches (0ms)
			RebuildScriptCaches (50ms)
			SetupLoadedEditorAssemblies (245ms)
				LogAssemblyErrors (0ms)
				InitializePlatformSupportModulesInManaged (6ms)
				SetLoadedEditorAssemblies (0ms)
				RefreshPlugins (52ms)
				BeforeProcessingInitializeOnLoad (25ms)
				ProcessInitializeOnLoadAttributes (120ms)
				ProcessInitializeOnLoadMethodAttributes (41ms)
				AfterProcessingInitializeOnLoad (0ms)
				EditorAssembliesLoaded (0ms)
			ExecutionOrderSort2 (0ms)
			AwakeInstancesAfterBackupRestoration (0ms)
Platform modules already initialized, skipping
Registering precompiled user dll's ...
Registered in 0.005151 seconds.
Begin MonoManager ReloadAssembly
Native extension for WindowsStandalone target not found
Refreshing native plugins compatible for Editor in 53.43 ms, found 3 plugins.
Preloading 0 native plugins for Editor in 0.00 ms.
Mono: successfully reloaded assembly
- Completed reload, in  1.686 seconds
Domain Reload Profiling:
	ReloadAssembly (1687ms)
		BeginReloadAssembly (239ms)
			ExecutionOrderSort (0ms)
			DisableScriptedObjects (7ms)
			BackupInstance (0ms)
			ReleaseScriptingObjects (0ms)
			CreateAndSetChildDomain (40ms)
		EndReloadAssembly (1355ms)
			LoadAssemblies (146ms)
			RebuildTransferFunctionScriptingTraits (0ms)
			SetupTypeCache (389ms)
			ReleaseScriptCaches (1ms)
			RebuildScriptCaches (79ms)
			SetupLoadedEditorAssemblies (567ms)
				LogAssemblyErrors (0ms)
				InitializePlatformSupportModulesInManaged (6ms)
				SetLoadedEditorAssemblies (0ms)
				RefreshPlugins (54ms)
				BeforeProcessingInitializeOnLoad (130ms)
				ProcessInitializeOnLoadAttributes (345ms)
				ProcessInitializeOnLoadMethodAttributes (19ms)
				AfterProcessingInitializeOnLoad (14ms)
				EditorAssembliesLoaded (0ms)
			ExecutionOrderSort2 (0ms)
			AwakeInstancesAfterBackupRestoration (10ms)
Platform modules already initialized, skipping
========================================================================
Worker process is ready to serve import requests
Launched and connected shader compiler UnityShaderCompiler.exe after 0.10 seconds
Refreshing native plugins compatible for Editor in 0.62 ms, found 3 plugins.
Preloading 0 native plugins for Editor in 0.00 ms.
Unloading 2091 Unused Serialized files (Serialized files now loaded: 0)
System memory in use before: 93.1 MB.
System memory in use after: 93.2 MB.

Unloading 26 unused Assets to reduce memory usage. Loaded Objects now: 2530.
Total: 4.350800 ms (FindLiveObjects: 0.352300 ms CreateObjectMapping: 0.224200 ms MarkObjects: 3.678300 ms  DeleteObjects: 0.094100 ms)

AssetImportParameters requested are different than current active one (requested -> active):
  custom:framework-win-MediaFoundation: 216162199b28c13a410421893ffa2e32 -> 
  custom:video-decoder-ogg-theora: a1e56fd34408186e4bbccfd4996cb3dc -> 
  custom:container-muxer-webm: aa71ff27fc2769a1b78a27578f13a17b -> 
  custom:container-demuxer-webm: 4f35f7cbe854078d1ac9338744f61a02 -> 
  custom:container-demuxer-ogg: 62fdf1f143b41e24485cea50d1cbac27 -> 
  custom:video-encoder-webm-vp8: eb34c28f22e8b96e1ab97ce403110664 -> 
  custom:video-decoder-webm-vp8: 9c59270c3fd7afecdb556c50c9e8de78 -> 
  custom:audio-decoder-ogg-vorbis: bf7c407c2cedff20999df2af8eb42d56 -> 
  custom:audio-encoder-webm-vorbis: bf7c407c2cedff20999df2af8eb42d56 -> 
========================================================================
Received Import Request.
  path: Assets/Images
  artifactKey: Guid(1b7359293977ad64b9246edf654a0ba6) Importer(815301076,1909f56bfc062723c751e8b465ee728b)
Start importing Assets/Images using Guid(1b7359293977ad64b9246edf654a0ba6) Importer(815301076,1909f56bfc062723c751e8b465ee728b)  -> (artifact id: 'dec9668bbcc351feab71d1d1c42dd853') in 0.013183 seconds 
  Import took 0.017361 seconds .

========================================================================
Received Import Request.
  Time since last request: 8.914109 seconds.
  path: Assets/Images/HE-AA.png
  artifactKey: Guid(f831c2d83710d7e4e86c9676fb291e34) Importer(815301076,1909f56bfc062723c751e8b465ee728b)
Start importing Assets/Images/HE-AA.png using Guid(f831c2d83710d7e4e86c9676fb291e34) Importer(815301076,1909f56bfc062723c751e8b465ee728b)  -> (artifact id: 'a0f4560397721b824e46363f5c1185ed') in 0.295798 seconds 
  Import took 0.302949 seconds .

========================================================================
Received Import Request.
  Time since last request: 0.000448 seconds.
  path: Assets/Images/Smart-AA.png
  artifactKey: Guid(dfa268d3ef2fa604cab883b50fa9c57a) Importer(815301076,1909f56bfc062723c751e8b465ee728b)
Start importing Assets/Images/Smart-AA.png using Guid(dfa268d3ef2fa604cab883b50fa9c57a) Importer(815301076,1909f56bfc062723c751e8b465ee728b)  -> (artifact id: '1ae28c478b10bab8c937729798a2161f') in 0.024259 seconds 
  Import took 0.028181 seconds .

========================================================================
Received Import Request.
  Time since last request: 48.214741 seconds.
  path: Assets/Images/HE-AA.png
  artifactKey: Guid(f831c2d83710d7e4e86c9676fb291e34) Importer(815301076,1909f56bfc062723c751e8b465ee728b)
Start importing Assets/Images/HE-AA.png using Guid(f831c2d83710d7e4e86c9676fb291e34) Importer(815301076,1909f56bfc062723c751e8b465ee728b)  -> (artifact id: '73ee589a7371d178eb5b7dd5cf644f19') in 0.015604 seconds 
  Import took 0.021213 seconds .

========================================================================
Received Import Request.
  Time since last request: 445.008594 seconds.
  path: Assets/Images/mortar.png
  artifactKey: Guid(3278eb0ca936c3347b41c8075b20d8f8) Importer(815301076,1909f56bfc062723c751e8b465ee728b)
Start importing Assets/Images/mortar.png using Guid(3278eb0ca936c3347b41c8075b20d8f8) Importer(815301076,1909f56bfc062723c751e8b465ee728b)  -> (artifact id: '7264d5c9fd346e0e269e7d7beb6d934e') in 0.043414 seconds 
  Import took 0.051780 seconds .

========================================================================
Received Import Request.
  Time since last request: 96.832917 seconds.
  path: Assets/Images/mortar.png
  artifactKey: Guid(3278eb0ca936c3347b41c8075b20d8f8) Importer(815301076,1909f56bfc062723c751e8b465ee728b)
Start importing Assets/Images/mortar.png using Guid(3278eb0ca936c3347b41c8075b20d8f8) Importer(815301076,1909f56bfc062723c751e8b465ee728b)  -> (artifact id: '11eae930f274998ee427f0e76934f98b') in 0.024942 seconds 
  Import took 0.032111 seconds .

========================================================================
Received Import Request.
  Time since last request: 85.225377 seconds.
  path: Assets/Images/mortar.png
  artifactKey: Guid(3278eb0ca936c3347b41c8075b20d8f8) Importer(815301076,1909f56bfc062723c751e8b465ee728b)
Start importing Assets/Images/mortar.png using Guid(3278eb0ca936c3347b41c8075b20d8f8) Importer(815301076,1909f56bfc062723c751e8b465ee728b)  -> (artifact id: 'a79e788c5844e78e09e5608b1b8868ce') in 0.135670 seconds 
  Import took 0.143019 seconds .

========================================================================
Received Import Request.
  Time since last request: 84.688412 seconds.
  path: Assets/Images/mortar.png
  artifactKey: Guid(3278eb0ca936c3347b41c8075b20d8f8) Importer(815301076,1909f56bfc062723c751e8b465ee728b)
Start importing Assets/Images/mortar.png using Guid(3278eb0ca936c3347b41c8075b20d8f8) Importer(815301076,1909f56bfc062723c751e8b465ee728b)  -> (artifact id: '8f396acf133c06c0d1a6f66f3b26549d') in 0.114804 seconds 
  Import took 0.119606 seconds .

========================================================================
Received Prepare
Registering precompiled user dll's ...
Registered in 0.005737 seconds.
Begin MonoManager ReloadAssembly
Native extension for WindowsStandalone target not found
Refreshing native plugins compatible for Editor in 0.63 ms, found 3 plugins.
Preloading 0 native plugins for Editor in 0.00 ms.
Mono: successfully reloaded assembly
- Completed reload, in  1.658 seconds
Domain Reload Profiling:
	ReloadAssembly (1659ms)
		BeginReloadAssembly (199ms)
			ExecutionOrderSort (0ms)
			DisableScriptedObjects (11ms)
			BackupInstance (0ms)
			ReleaseScriptingObjects (0ms)
			CreateAndSetChildDomain (67ms)
		EndReloadAssembly (1355ms)
			LoadAssemblies (168ms)
			RebuildTransferFunctionScriptingTraits (0ms)
			SetupTypeCache (454ms)
			ReleaseScriptCaches (1ms)
			RebuildScriptCaches (77ms)
			SetupLoadedEditorAssemblies (499ms)
				LogAssemblyErrors (0ms)
				InitializePlatformSupportModulesInManaged (8ms)
				SetLoadedEditorAssemblies (1ms)
				RefreshPlugins (1ms)
				BeforeProcessingInitializeOnLoad (145ms)
				ProcessInitializeOnLoadAttributes (322ms)
				ProcessInitializeOnLoadMethodAttributes (9ms)
				AfterProcessingInitializeOnLoad (13ms)
				EditorAssembliesLoaded (0ms)
			ExecutionOrderSort2 (0ms)
			AwakeInstancesAfterBackupRestoration (17ms)
Platform modules already initialized, skipping
Refreshing native plugins compatible for Editor in 0.47 ms, found 3 plugins.
Preloading 0 native plugins for Editor in 0.00 ms.
Unloading 2081 Unused Serialized files (Serialized files now loaded: 0)
System memory in use before: 95.5 MB.
System memory in use after: 95.7 MB.

Unloading 14 unused Assets to reduce memory usage. Loaded Objects now: 2541.
Total: 4.093300 ms (FindLiveObjects: 0.308800 ms CreateObjectMapping: 0.117900 ms MarkObjects: 3.646400 ms  DeleteObjects: 0.019100 ms)

AssetImportParameters requested are different than current active one (requested -> active):
  custom:framework-win-MediaFoundation: 216162199b28c13a410421893ffa2e32 -> 
  custom:video-decoder-ogg-theora: a1e56fd34408186e4bbccfd4996cb3dc -> 
  custom:container-muxer-webm: aa71ff27fc2769a1b78a27578f13a17b -> 
  custom:container-demuxer-webm: 4f35f7cbe854078d1ac9338744f61a02 -> 
  custom:container-demuxer-ogg: 62fdf1f143b41e24485cea50d1cbac27 -> 
  custom:video-encoder-webm-vp8: eb34c28f22e8b96e1ab97ce403110664 -> 
  custom:video-decoder-webm-vp8: 9c59270c3fd7afecdb556c50c9e8de78 -> 
  custom:audio-decoder-ogg-vorbis: bf7c407c2cedff20999df2af8eb42d56 -> 
  custom:audio-encoder-webm-vorbis: bf7c407c2cedff20999df2af8eb42d56 -> 
========================================================================
Received Import Request.
  Time since last request: 44.137395 seconds.
  path: Assets/Images/mortar.png
  artifactKey: Guid(3278eb0ca936c3347b41c8075b20d8f8) Importer(815301076,1909f56bfc062723c751e8b465ee728b)
Start importing Assets/Images/mortar.png using Guid(3278eb0ca936c3347b41c8075b20d8f8) Importer(815301076,1909f56bfc062723c751e8b465ee728b)  -> (artifact id: 'c2e160cd8d5719d409b238b0aa408e72') in 0.190346 seconds 
  Import took 0.195253 seconds .

========================================================================
Received Import Request.
  Time since last request: 1.168094 seconds.
  path: Assets/Images/mortar.png
  artifactKey: Guid(3278eb0ca936c3347b41c8075b20d8f8) Importer(815301076,1909f56bfc062723c751e8b465ee728b)
Start importing Assets/Images/mortar.png using Guid(3278eb0ca936c3347b41c8075b20d8f8) Importer(815301076,1909f56bfc062723c751e8b465ee728b)  -> (artifact id: 'ea43289a4f9a12409b3ee5bb642a227b') in 0.116447 seconds 
  Import took 0.122311 seconds .

========================================================================
Received Import Request.
  Time since last request: 254.963674 seconds.
  path: Assets/Images/nuke.png
  artifactKey: Guid(ec99bdb84f606e94cadc3cc4cc2096c5) Importer(815301076,1909f56bfc062723c751e8b465ee728b)
Start importing Assets/Images/nuke.png using Guid(ec99bdb84f606e94cadc3cc4cc2096c5) Importer(815301076,1909f56bfc062723c751e8b465ee728b)  -> (artifact id: '62243c076ea614ef390217f3b42df568') in 0.033550 seconds 
  Import took 0.041555 seconds .

========================================================================
Received Import Request.
  Time since last request: 0.000392 seconds.
  path: Assets/Images/nuke_cluster.png
  artifactKey: Guid(b8b6d0439ee5c43488d45b241163e06f) Importer(815301076,1909f56bfc062723c751e8b465ee728b)
Start importing Assets/Images/nuke_cluster.png using Guid(b8b6d0439ee5c43488d45b241163e06f) Importer(815301076,1909f56bfc062723c751e8b465ee728b)  -> (artifact id: 'dc45060d801a9cbd1550ce8f884ea208') in 0.018966 seconds 
  Import took 0.022908 seconds .

========================================================================
Received Import Request.
  Time since last request: 13.576674 seconds.
  path: Assets/Images/HE-AA.png
  artifactKey: Guid(f831c2d83710d7e4e86c9676fb291e34) Importer(815301076,1909f56bfc062723c751e8b465ee728b)
Start importing Assets/Images/HE-AA.png using Guid(f831c2d83710d7e4e86c9676fb291e34) Importer(815301076,1909f56bfc062723c751e8b465ee728b)  -> (artifact id: '12cf9cfd403ca2ddffd8b322e496746e') in 0.023121 seconds 
  Import took 0.031508 seconds .

========================================================================
Received Import Request.
  Time since last request: 0.002983 seconds.
  path: Assets/Images/nuke.png
  artifactKey: Guid(ec99bdb84f606e94cadc3cc4cc2096c5) Importer(815301076,1909f56bfc062723c751e8b465ee728b)
Start importing Assets/Images/nuke.png using Guid(ec99bdb84f606e94cadc3cc4cc2096c5) Importer(815301076,1909f56bfc062723c751e8b465ee728b)  -> (artifact id: '01b871ffe8303b072c3c55c5935d6f10') in 0.020425 seconds 
  Import took 0.028760 seconds .

========================================================================
Received Import Request.
  Time since last request: 0.000421 seconds.
  path: Assets/Images/Smart-AA.png
  artifactKey: Guid(dfa268d3ef2fa604cab883b50fa9c57a) Importer(815301076,1909f56bfc062723c751e8b465ee728b)
Start importing Assets/Images/Smart-AA.png using Guid(dfa268d3ef2fa604cab883b50fa9c57a) Importer(815301076,1909f56bfc062723c751e8b465ee728b)  -> (artifact id: 'd47dc402455f23a57491e9d4609b4ead') in 0.015992 seconds 
  Import took 0.021801 seconds .

========================================================================
Received Import Request.
  Time since last request: 0.000257 seconds.
  path: Assets/Images/nuke_cluster.png
  artifactKey: Guid(b8b6d0439ee5c43488d45b241163e06f) Importer(815301076,1909f56bfc062723c751e8b465ee728b)
Start importing Assets/Images/nuke_cluster.png using Guid(b8b6d0439ee5c43488d45b241163e06f) Importer(815301076,1909f56bfc062723c751e8b465ee728b)  -> (artifact id: '6a8dfe206b144c8c911b48117cb9bed9') in 0.010320 seconds 
  Import took 0.013670 seconds .

========================================================================
Received Import Request.
  Time since last request: 15.374568 seconds.
  path: Assets/Images/nuke_cluster.png
  artifactKey: Guid(b8b6d0439ee5c43488d45b241163e06f) Importer(815301076,1909f56bfc062723c751e8b465ee728b)
Start importing Assets/Images/nuke_cluster.png using Guid(b8b6d0439ee5c43488d45b241163e06f) Importer(815301076,1909f56bfc062723c751e8b465ee728b)  -> (artifact id: '7addd8e072bd709365f140c43ef1906a') in 0.021825 seconds 
  Import took 0.028586 seconds .

========================================================================
Received Import Request.
  Time since last request: 9.848633 seconds.
  path: Assets/Images/HE-AA.png
  artifactKey: Guid(f831c2d83710d7e4e86c9676fb291e34) Importer(815301076,1909f56bfc062723c751e8b465ee728b)
Start importing Assets/Images/HE-AA.png using Guid(f831c2d83710d7e4e86c9676fb291e34) Importer(815301076,1909f56bfc062723c751e8b465ee728b)  -> (artifact id: '2d1aaaa4a0d81fcf8316003ece0efee8') in 0.015481 seconds 
  Import took 0.020373 seconds .

========================================================================
Received Import Request.
  Time since last request: 0.024515 seconds.
  path: Assets/Images/mortar.png
  artifactKey: Guid(3278eb0ca936c3347b41c8075b20d8f8) Importer(815301076,1909f56bfc062723c751e8b465ee728b)
Start importing Assets/Images/mortar.png using Guid(3278eb0ca936c3347b41c8075b20d8f8) Importer(815301076,1909f56bfc062723c751e8b465ee728b)  -> (artifact id: 'bc38a7e05b57ceaf78f2f305e347a4f1') in 0.122731 seconds 
  Import took 0.129079 seconds .

========================================================================
Received Import Request.
  Time since last request: 0.000285 seconds.
  path: Assets/Images/Smart-AA.png
  artifactKey: Guid(dfa268d3ef2fa604cab883b50fa9c57a) Importer(815301076,1909f56bfc062723c751e8b465ee728b)
Start importing Assets/Images/Smart-AA.png using Guid(dfa268d3ef2fa604cab883b50fa9c57a) Importer(815301076,1909f56bfc062723c751e8b465ee728b)  -> (artifact id: '933af448dbcbbf546078815734caa69e') in 0.009793 seconds 
  Import took 0.013469 seconds .

========================================================================
Received Import Request.
  Time since last request: 0.000275 seconds.
  path: Assets/Images/nuke.png
  artifactKey: Guid(ec99bdb84f606e94cadc3cc4cc2096c5) Importer(815301076,1909f56bfc062723c751e8b465ee728b)
Start importing Assets/Images/nuke.png using Guid(ec99bdb84f606e94cadc3cc4cc2096c5) Importer(815301076,1909f56bfc062723c751e8b465ee728b)  -> (artifact id: '70cd35d81e4ae9f64dc68337302054e9') in 0.010294 seconds 
  Import took 0.013594 seconds .

========================================================================
Received Import Request.
  Time since last request: 33.878157 seconds.
  path: Assets/Images/HE-AA.png
  artifactKey: Guid(f831c2d83710d7e4e86c9676fb291e34) Importer(815301076,1909f56bfc062723c751e8b465ee728b)
Start importing Assets/Images/HE-AA.png using Guid(f831c2d83710d7e4e86c9676fb291e34) Importer(815301076,1909f56bfc062723c751e8b465ee728b)  -> (artifact id: '6af4f821cbe61836ba70bd39a9ae4033') in 0.017623 seconds 
  Import took 0.024754 seconds .

========================================================================
Received Import Request.
  Time since last request: 0.015531 seconds.
  path: Assets/Images/Smart-AA.png
  artifactKey: Guid(dfa268d3ef2fa604cab883b50fa9c57a) Importer(815301076,1909f56bfc062723c751e8b465ee728b)
Start importing Assets/Images/Smart-AA.png using Guid(dfa268d3ef2fa604cab883b50fa9c57a) Importer(815301076,1909f56bfc062723c751e8b465ee728b)  -> (artifact id: '58995090d46dc6080655f0409671abe5') in 0.023245 seconds 
  Import took 0.031410 seconds .

========================================================================
Received Import Request.
  Time since last request: 4.433768 seconds.
  path: Assets/Images/HE-AA.png
  artifactKey: Guid(f831c2d83710d7e4e86c9676fb291e34) Importer(815301076,1909f56bfc062723c751e8b465ee728b)
Start importing Assets/Images/HE-AA.png using Guid(f831c2d83710d7e4e86c9676fb291e34) Importer(815301076,1909f56bfc062723c751e8b465ee728b)  -> (artifact id: 'a14824f841174c064b29c4fe18cc25cf') in 0.016807 seconds 
  Import took 0.022978 seconds .

========================================================================
Received Import Request.
  Time since last request: 0.012023 seconds.
  path: Assets/Images/Smart-AA.png
  artifactKey: Guid(dfa268d3ef2fa604cab883b50fa9c57a) Importer(815301076,1909f56bfc062723c751e8b465ee728b)
Start importing Assets/Images/Smart-AA.png using Guid(dfa268d3ef2fa604cab883b50fa9c57a) Importer(815301076,1909f56bfc062723c751e8b465ee728b)  -> (artifact id: '70eee910304da7ac8f462d9281fa0a88') in 0.011781 seconds 
  Import took 0.015919 seconds .

========================================================================
Received Prepare
Registering precompiled user dll's ...
Registered in 0.004637 seconds.
Begin MonoManager ReloadAssembly
Native extension for WindowsStandalone target not found
Refreshing native plugins compatible for Editor in 0.65 ms, found 3 plugins.
Preloading 0 native plugins for Editor in 0.00 ms.
Mono: successfully reloaded assembly
- Completed reload, in  1.642 seconds
Domain Reload Profiling:
	ReloadAssembly (1642ms)
		BeginReloadAssembly (209ms)
			ExecutionOrderSort (0ms)
			DisableScriptedObjects (10ms)
			BackupInstance (0ms)
			ReleaseScriptingObjects (0ms)
			CreateAndSetChildDomain (65ms)
		EndReloadAssembly (1326ms)
			LoadAssemblies (162ms)
			RebuildTransferFunctionScriptingTraits (0ms)
			SetupTypeCache (449ms)
			ReleaseScriptCaches (1ms)
			RebuildScriptCaches (85ms)
			SetupLoadedEditorAssemblies (470ms)
				LogAssemblyErrors (0ms)
				InitializePlatformSupportModulesInManaged (8ms)
				SetLoadedEditorAssemblies (1ms)
				RefreshPlugins (1ms)
				BeforeProcessingInitializeOnLoad (135ms)
				ProcessInitializeOnLoadAttributes (303ms)
				ProcessInitializeOnLoadMethodAttributes (9ms)
				AfterProcessingInitializeOnLoad (14ms)
				EditorAssembliesLoaded (0ms)
			ExecutionOrderSort2 (0ms)
			AwakeInstancesAfterBackupRestoration (16ms)
Platform modules already initialized, skipping
Refreshing native plugins compatible for Editor in 0.61 ms, found 3 plugins.
Preloading 0 native plugins for Editor in 0.00 ms.
Unloading 2081 Unused Serialized files (Serialized files now loaded: 0)
System memory in use before: 95.6 MB.
System memory in use after: 95.7 MB.

Unloading 14 unused Assets to reduce memory usage. Loaded Objects now: 2545.
Total: 3.852500 ms (FindLiveObjects: 0.211300 ms CreateObjectMapping: 0.107400 ms MarkObjects: 3.514300 ms  DeleteObjects: 0.018500 ms)

AssetImportParameters requested are different than current active one (requested -> active):
  custom:framework-win-MediaFoundation: 216162199b28c13a410421893ffa2e32 -> 
  custom:video-decoder-ogg-theora: a1e56fd34408186e4bbccfd4996cb3dc -> 
  custom:container-muxer-webm: aa71ff27fc2769a1b78a27578f13a17b -> 
  custom:container-demuxer-webm: 4f35f7cbe854078d1ac9338744f61a02 -> 
  custom:container-demuxer-ogg: 62fdf1f143b41e24485cea50d1cbac27 -> 
  custom:video-encoder-webm-vp8: eb34c28f22e8b96e1ab97ce403110664 -> 
  custom:video-decoder-webm-vp8: 9c59270c3fd7afecdb556c50c9e8de78 -> 
  custom:audio-decoder-ogg-vorbis: bf7c407c2cedff20999df2af8eb42d56 -> 
  custom:audio-encoder-webm-vorbis: bf7c407c2cedff20999df2af8eb42d56 -> 
========================================================================
Received Import Request.
  Time since last request: 301.743378 seconds.
  path: Assets/Images/sand_background.png
  artifactKey: Guid(f987ac72375e03f4985d7f79689e8669) Importer(815301076,1909f56bfc062723c751e8b465ee728b)
Start importing Assets/Images/sand_background.png using Guid(f987ac72375e03f4985d7f79689e8669) Importer(815301076,1909f56bfc062723c751e8b465ee728b)  -> (artifact id: '13b8de763c8da635e816f45bdfbdc7f3') in 0.105426 seconds 
  Import took 0.111697 seconds .

========================================================================
Received Import Request.
  Time since last request: 283.779072 seconds.
  path: Assets/Images/city.png
  artifactKey: Guid(27d5823286336b242b68443f54da2099) Importer(815301076,1909f56bfc062723c751e8b465ee728b)
Start importing Assets/Images/city.png using Guid(27d5823286336b242b68443f54da2099) Importer(815301076,1909f56bfc062723c751e8b465ee728b)  -> (artifact id: '098839998547fb4aae77c50c129b92a9') in 0.027117 seconds 
  Import took 0.032985 seconds .

========================================================================
Received Import Request.
  Time since last request: 9.565243 seconds.
  path: Assets/Images/city.png
  artifactKey: Guid(27d5823286336b242b68443f54da2099) Importer(815301076,1909f56bfc062723c751e8b465ee728b)
Start importing Assets/Images/city.png using Guid(27d5823286336b242b68443f54da2099) Importer(815301076,1909f56bfc062723c751e8b465ee728b)  -> (artifact id: '263251ff0a0db5c827bb87e6c86e460a') in 0.023844 seconds 
  Import took 0.033323 seconds .

========================================================================
Received Import Request.
  Time since last request: 4.771375 seconds.
  path: Assets/Images/sand_background.png
  artifactKey: Guid(f987ac72375e03f4985d7f79689e8669) Importer(815301076,1909f56bfc062723c751e8b465ee728b)
Start importing Assets/Images/sand_background.png using Guid(f987ac72375e03f4985d7f79689e8669) Importer(815301076,1909f56bfc062723c751e8b465ee728b)  -> (artifact id: 'ddd98b21b543fcea67a49e860eea57ff') in 0.014495 seconds 
  Import took 0.021146 seconds .

